{"uid":"138d078d93a6c52","name":"Creating new note","fullName":"Tests.newNote","historyId":"170df40c304c88cb5e222d1046b4f049","time":{"start":1671134516455,"stop":1671134550450,"duration":33995},"description":"","status":"broken","statusMessage":"Can't locate an element by this strategy: By.chained({By.id: fab_add_notes})","statusTrace":"org.openqa.selenium.NoSuchElementException: Can't locate an element by this strategy: By.chained({By.id: fab_add_notes})\n\tat io.appium.java_client.pagefactory.AppiumElementLocator.findElement(AppiumElementLocator.java:126)\n\tat io.appium.java_client.pagefactory.interceptors.InterceptorOfASingleElement.intercept(InterceptorOfASingleElement.java:59)\n\tat io.appium.java_client.android.AndroidElement$$EnhancerByCGLIB$$b598166c.click(<generated>)\n\tat screens.PageNote.createNewNode(PageNote.java:39)\n\tat Tests.newNote(Tests.java:17)\n\tat sun.reflect.NativeMethodAccessorImpl.invoke0(Native Method)\n\tat sun.reflect.NativeMethodAccessorImpl.invoke(NativeMethodAccessorImpl.java:62)\n\tat sun.reflect.DelegatingMethodAccessorImpl.invoke(DelegatingMethodAccessorImpl.java:43)\n\tat java.lang.reflect.Method.invoke(Method.java:498)\n\tat org.junit.platform.commons.util.ReflectionUtils.invokeMethod(ReflectionUtils.java:688)\n\tat org.junit.jupiter.engine.execution.MethodInvocation.proceed(MethodInvocation.java:60)\n\tat org.junit.jupiter.engine.execution.InvocationInterceptorChain$ValidatingInvocation.proceed(InvocationInterceptorChain.java:131)\n\tat org.junit.jupiter.api.extension.InvocationInterceptor.interceptTestMethod(InvocationInterceptor.java:117)\n\tat org.junit.jupiter.engine.execution.ExecutableInvoker$ReflectiveInterceptorCall.lambda$ofVoidMethod$0(ExecutableInvoker.java:115)\n\tat org.junit.jupiter.engine.execution.ExecutableInvoker.lambda$invoke$0(ExecutableInvoker.java:105)\n\tat org.junit.jupiter.engine.execution.InvocationInterceptorChain$InterceptedInvocation.proceed(InvocationInterceptorChain.java:106)\n\tat org.junit.jupiter.engine.extension.TimeoutExtension.intercept(TimeoutExtension.java:149)\n\tat org.junit.jupiter.engine.extension.TimeoutExtension.interceptTestableMethod(TimeoutExtension.java:140)\n\tat org.junit.jupiter.engine.extension.TimeoutExtension.interceptTestMethod(TimeoutExtension.java:84)\n\tat org.junit.jupiter.engine.execution.ExecutableInvoker$ReflectiveInterceptorCall.lambda$ofVoidMethod$0(ExecutableInvoker.java:115)\n\tat org.junit.jupiter.engine.execution.ExecutableInvoker.lambda$invoke$0(ExecutableInvoker.java:105)\n\tat org.junit.jupiter.engine.execution.InvocationInterceptorChain$InterceptedInvocation.proceed(InvocationInterceptorChain.java:106)\n\tat org.junit.jupiter.engine.execution.InvocationInterceptorChain.proceed(InvocationInterceptorChain.java:64)\n\tat org.junit.jupiter.engine.execution.InvocationInterceptorChain.chainAndInvoke(InvocationInterceptorChain.java:45)\n\tat org.junit.jupiter.engine.execution.InvocationInterceptorChain.invoke(InvocationInterceptorChain.java:37)\n\tat org.junit.jupiter.engine.execution.ExecutableInvoker.invoke(ExecutableInvoker.java:104)\n\tat org.junit.jupiter.engine.execution.ExecutableInvoker.invoke(ExecutableInvoker.java:98)\n\tat org.junit.jupiter.engine.descriptor.TestMethodTestDescriptor.lambda$invokeTestMethod$6(TestMethodTestDescriptor.java:210)\n\tat org.junit.platform.engine.support.hierarchical.ThrowableCollector.execute(ThrowableCollector.java:73)\n\tat org.junit.jupiter.engine.descriptor.TestMethodTestDescriptor.invokeTestMethod(TestMethodTestDescriptor.java:206)\n\tat org.junit.jupiter.engine.descriptor.TestMethodTestDescriptor.execute(TestMethodTestDescriptor.java:131)\n\tat org.junit.jupiter.engine.descriptor.TestMethodTestDescriptor.execute(TestMethodTestDescriptor.java:65)\n\tat org.junit.platform.engine.support.hierarchical.NodeTestTask.lambda$executeRecursively$5(NodeTestTask.java:139)\n\tat org.junit.platform.engine.support.hierarchical.ThrowableCollector.execute(ThrowableCollector.java:73)\n\tat org.junit.platform.engine.support.hierarchical.NodeTestTask.lambda$executeRecursively$7(NodeTestTask.java:129)\n\tat org.junit.platform.engine.support.hierarchical.Node.around(Node.java:137)\n\tat org.junit.platform.engine.support.hierarchical.NodeTestTask.lambda$executeRecursively$8(NodeTestTask.java:127)\n\tat org.junit.platform.engine.support.hierarchical.ThrowableCollector.execute(ThrowableCollector.java:73)\n\tat org.junit.platform.engine.support.hierarchical.NodeTestTask.executeRecursively(NodeTestTask.java:126)\n\tat org.junit.platform.engine.support.hierarchical.NodeTestTask.execute(NodeTestTask.java:84)\n\tat org.junit.platform.engine.support.hierarchical.ForkJoinPoolHierarchicalTestExecutorService$ExclusiveTask.compute(ForkJoinPoolHierarchicalTestExecutorService.java:185)\n\tat org.junit.platform.engine.support.hierarchical.ForkJoinPoolHierarchicalTestExecutorService.executeNonConcurrentTasks(ForkJoinPoolHierarchicalTestExecutorService.java:155)\n\tat org.junit.platform.engine.support.hierarchical.ForkJoinPoolHierarchicalTestExecutorService.invokeAll(ForkJoinPoolHierarchicalTestExecutorService.java:135)\n\tat org.junit.platform.engine.support.hierarchical.NodeTestTask.lambda$executeRecursively$5(NodeTestTask.java:143)\n\tat org.junit.platform.engine.support.hierarchical.ThrowableCollector.execute(ThrowableCollector.java:73)\n\tat org.junit.platform.engine.support.hierarchical.NodeTestTask.lambda$executeRecursively$7(NodeTestTask.java:129)\n\tat org.junit.platform.engine.support.hierarchical.Node.around(Node.java:137)\n\tat org.junit.platform.engine.support.hierarchical.NodeTestTask.lambda$executeRecursively$8(NodeTestTask.java:127)\n\tat org.junit.platform.engine.support.hierarchical.ThrowableCollector.execute(ThrowableCollector.java:73)\n\tat org.junit.platform.engine.support.hierarchical.NodeTestTask.executeRecursively(NodeTestTask.java:126)\n\tat org.junit.platform.engine.support.hierarchical.NodeTestTask.execute(NodeTestTask.java:84)\n\tat org.junit.platform.engine.support.hierarchical.ForkJoinPoolHierarchicalTestExecutorService$ExclusiveTask.compute(ForkJoinPoolHierarchicalTestExecutorService.java:185)\n\tat org.junit.platform.engine.support.hierarchical.ForkJoinPoolHierarchicalTestExecutorService.invokeAll(ForkJoinPoolHierarchicalTestExecutorService.java:129)\n\tat org.junit.platform.engine.support.hierarchical.NodeTestTask.lambda$executeRecursively$5(NodeTestTask.java:143)\n\tat org.junit.platform.engine.support.hierarchical.ThrowableCollector.execute(ThrowableCollector.java:73)\n\tat org.junit.platform.engine.support.hierarchical.NodeTestTask.lambda$executeRecursively$7(NodeTestTask.java:129)\n\tat org.junit.platform.engine.support.hierarchical.Node.around(Node.java:137)\n\tat org.junit.platform.engine.support.hierarchical.NodeTestTask.lambda$executeRecursively$8(NodeTestTask.java:127)\n\tat org.junit.platform.engine.support.hierarchical.ThrowableCollector.execute(ThrowableCollector.java:73)\n\tat org.junit.platform.engine.support.hierarchical.NodeTestTask.executeRecursively(NodeTestTask.java:126)\n\tat org.junit.platform.engine.support.hierarchical.NodeTestTask.execute(NodeTestTask.java:84)\n\tat org.junit.platform.engine.support.hierarchical.ForkJoinPoolHierarchicalTestExecutorService$ExclusiveTask.compute(ForkJoinPoolHierarchicalTestExecutorService.java:185)\n\tat java.util.concurrent.RecursiveAction.exec(RecursiveAction.java:189)\n\tat java.util.concurrent.ForkJoinTask.doExec(ForkJoinTask.java:289)\n\tat java.util.concurrent.ForkJoinPool$WorkQueue.runTask(ForkJoinPool.java:1056)\n\tat java.util.concurrent.ForkJoinPool.runWorker(ForkJoinPool.java:1692)\n\tat java.util.concurrent.ForkJoinWorkerThread.run(ForkJoinWorkerThread.java:175)\nCaused by: org.openqa.selenium.TimeoutException: Expected condition failed: waiting for io.appium.java_client.pagefactory.AppiumElementLocator$WaitingFunction@2d3a154a (tried for 1 second(s) with 500 milliseconds interval)\n\tat org.openqa.selenium.support.ui.FluentWait.timeoutException(FluentWait.java:304)\n\tat org.openqa.selenium.support.ui.FluentWait.until(FluentWait.java:272)\n\tat io.appium.java_client.pagefactory.AppiumElementLocator.waitFor(AppiumElementLocator.java:99)\n\tat io.appium.java_client.pagefactory.AppiumElementLocator.findElement(AppiumElementLocator.java:119)\n\t... 66 more\nCaused by: org.openqa.selenium.NoSuchElementException: Cannot locate an element using By.chained({By.id: fab_add_notes})\nFor documentation on this error, please visit: https://www.seleniumhq.org/exceptions/no_such_element.html\nBuild info: version: '3.141.59', revision: 'e82be7d358', time: '2018-11-14T08:17:03'\nSystem info: host: 'fv-az442-124', ip: '10.1.0.48', os.name: 'Linux', os.arch: 'amd64', os.version: '5.15.0-1024-azure', java.version: '1.8.0_352'\nDriver info: driver.version: AppiumDriver\n\tat io.appium.java_client.pagefactory.bys.builder.ByChained.findElement(ByChained.java:74)\n\tat org.openqa.selenium.remote.RemoteWebDriver.findElement(RemoteWebDriver.java:315)\n\tat io.appium.java_client.DefaultGenericMobileDriver.findElement(DefaultGenericMobileDriver.java:57)\n\tat io.appium.java_client.AppiumDriver.findElement(AppiumDriver.java:1)\n\tat io.appium.java_client.pagefactory.bys.ContentMappedBy.findElement(ContentMappedBy.java:50)\n\tat org.openqa.selenium.remote.RemoteWebDriver.findElement(RemoteWebDriver.java:315)\n\tat io.appium.java_client.DefaultGenericMobileDriver.findElement(DefaultGenericMobileDriver.java:57)\n\tat io.appium.java_client.AppiumDriver.findElement(AppiumDriver.java:1)\n\tat io.appium.java_client.pagefactory.AppiumElementLocator.lambda$0(AppiumElementLocator.java:120)\n\tat io.appium.java_client.pagefactory.AppiumElementLocator$WaitingFunction.apply(AppiumElementLocator.java:172)\n\tat io.appium.java_client.pagefactory.AppiumElementLocator$WaitingFunction.apply(AppiumElementLocator.java:1)\n\tat org.openqa.selenium.support.ui.FluentWait.until(FluentWait.java:249)\n\t... 68 more\n","flaky":false,"newFailed":false,"newBroken":false,"newPassed":false,"retriesCount":0,"retriesStatusChange":false,"beforeStages":[{"name":"setUp","time":{"start":1671134516455,"stop":1671134543051,"duration":26596},"status":"passed","steps":[],"attachments":[],"parameters":[],"stepsCount":0,"attachmentsCount":0,"shouldDisplayMessage":false,"hasContent":false}],"afterStages":[{"name":"tearDown","time":{"start":1671134544445,"stop":1671134550449,"duration":6004},"status":"passed","steps":[],"attachments":[{"uid":"aa149e34ec734e81","name":"Screenshot","source":"aa149e34ec734e81.png","type":"image/png","size":819238}],"parameters":[],"stepsCount":0,"attachmentsCount":1,"shouldDisplayMessage":false,"hasContent":true}],"labels":[{"name":"host","value":"fv-az442-124"},{"name":"thread","value":"2571@fv-az442-124.ForkJoinPool-1-worker-1(12)"},{"name":"framework","value":"junit-platform"},{"name":"language","value":"java"},{"name":"package","value":"Tests"},{"name":"testClass","value":"Tests"},{"name":"testMethod","value":"newNote"},{"name":"suite","value":"Tests"},{"name":"resultFormat","value":"allure2"}],"parameters":[],"links":[],"hidden":false,"retry":false,"extra":{"severity":"normal","retries":[],"categories":[{"name":"Test defects","matchedStatuses":[],"flaky":false}],"history":{"statistic":{"failed":0,"broken":9,"skipped":0,"passed":8,"unknown":0,"total":17},"items":[{"uid":"ff809219f6c29fe0","reportUrl":"https://tassioplima.github.io/automation-ci/104//#testresult/ff809219f6c29fe0","status":"broken","statusDetails":"Unable to create a new remote session. Please check the server log for more details. Original error: [BROWSERSTACK_INVALID_APP_URL] The app_url specified in the 'app' capability in your test is invalid. Please specify a valid app_url that was returned in the response to upload app API request and try again. (WARNING: The server did not provide any stacktrace information)\nCommand duration or timeout: 751 milliseconds\nBuild info: version: '3.141.59', revision: 'e82be7d358', time: '2018-11-14T08:17:03'\nSystem info: host: 'fv-az573-226', ip: '10.1.0.166', os.name: 'Linux', os.arch: 'amd64', os.version: '5.15.0-1024-azure', java.version: '1.8.0_352'\nDriver info: driver.version: AppiumDriver\nBuild info: version: '3.141.59', revision: 'e82be7d358', time: '2018-11-14T08:17:03'\nSystem info: host: 'fv-az573-226', ip: '10.1.0.166', os.name: 'Linux', os.arch: 'amd64', os.version: '5.15.0-1024-azure', java.version: '1.8.0_352'\nDriver info: driver.version: AppiumDriver","time":{"start":1671134160624,"stop":1671134161407,"duration":783}},{"uid":"b32b58b7f4f03428","reportUrl":"https://tassioplima.github.io/automation-ci/103//#testresult/b32b58b7f4f03428","status":"broken","statusDetails":"Unable to create a new remote session. Please check the server log for more details. Original error: [BROWSERSTACK_APP_DELETED] The app build specified in the 'app' capability in your test script has been recently deleted. We delete an uploaded app after 30 days from the day of upload. Please upload the app using REST API or BrowserStack CLI and try again. (WARNING: The server did not provide any stacktrace information)\nCommand duration or timeout: 854 milliseconds\nBuild info: version: '3.141.59', revision: 'e82be7d358', time: '2018-11-14T08:17:03'\nSystem info: host: 'fv-az210-357', ip: '10.1.0.64', os.name: 'Linux', os.arch: 'amd64', os.version: '5.11.0-1027-azure', java.version: '1.8.0_322'\nDriver info: driver.version: AppiumDriver\nBuild info: version: '3.141.59', revision: 'e82be7d358', time: '2018-11-14T08:17:03'\nSystem info: host: 'fv-az210-357', ip: '10.1.0.64', os.name: 'Linux', os.arch: 'amd64', os.version: '5.11.0-1027-azure', java.version: '1.8.0_322'\nDriver info: driver.version: AppiumDriver","time":{"start":1642696298937,"stop":1642696299817,"duration":880}},{"uid":"910133c601258093","reportUrl":"https://tassioplima.github.io/automation-ci/102//#testresult/910133c601258093","status":"broken","statusDetails":"Unable to create a new remote session. Please check the server log for more details. Original error: [BROWSERSTACK_APP_DELETED] The app build specified in the 'app' capability in your test script has been recently deleted. We delete an uploaded app after 30 days from the day of upload. Please upload the app using REST API or BrowserStack CLI and try again. (WARNING: The server did not provide any stacktrace information)\nCommand duration or timeout: 404 milliseconds\nBuild info: version: '3.141.59', revision: 'e82be7d358', time: '2018-11-14T08:17:03'\nSystem info: host: 'fv-az133-819', ip: '10.1.1.201', os.name: 'Linux', os.arch: 'amd64', os.version: '5.11.0-1027-azure', java.version: '1.8.0_322'\nDriver info: driver.version: AppiumDriver\nBuild info: version: '3.141.59', revision: 'e82be7d358', time: '2018-11-14T08:17:03'\nSystem info: host: 'fv-az133-819', ip: '10.1.1.201', os.name: 'Linux', os.arch: 'amd64', os.version: '5.11.0-1027-azure', java.version: '1.8.0_322'\nDriver info: driver.version: AppiumDriver","time":{"start":1642696266255,"stop":1642696266671,"duration":416}},{"uid":"1f482ca7f0d44224","reportUrl":"https://tassioplima.github.io/automation-ci/101//#testresult/1f482ca7f0d44224","status":"broken","statusDetails":"Unable to create a new remote session. Please check the server log for more details. Original error: [BROWSERSTACK_APP_DELETED] The app build specified in the 'app' capability in your test script has been recently deleted. We delete an uploaded app after 30 days from the day of upload. Please upload the app using REST API or BrowserStack CLI and try again. (WARNING: The server did not provide any stacktrace information)\nCommand duration or timeout: 463 milliseconds\nBuild info: version: '3.141.59', revision: 'e82be7d358', time: '2018-11-14T08:17:03'\nSystem info: host: 'fv-az206-505', ip: '10.1.1.18', os.name: 'Linux', os.arch: 'amd64', os.version: '5.11.0-1027-azure', java.version: '1.8.0_322'\nDriver info: driver.version: AppiumDriver\nBuild info: version: '3.141.59', revision: 'e82be7d358', time: '2018-11-14T08:17:03'\nSystem info: host: 'fv-az206-505', ip: '10.1.1.18', os.name: 'Linux', os.arch: 'amd64', os.version: '5.11.0-1027-azure', java.version: '1.8.0_322'\nDriver info: driver.version: AppiumDriver","time":{"start":1642696185826,"stop":1642696186308,"duration":482}},{"uid":"c441995035af6014","reportUrl":"https://tassioplima.github.io/automation-ci/100//#testresult/c441995035af6014","status":"broken","statusDetails":"Unable to create a new remote session. Please check the server log for more details. Original error: [BROWSERSTACK_APP_DELETED] The app build specified in the 'app' capability in your test script has been recently deleted. We delete an uploaded app after 30 days from the day of upload. Please upload the app using REST API or BrowserStack CLI and try again. (WARNING: The server did not provide any stacktrace information)\nCommand duration or timeout: 563 milliseconds\nBuild info: version: '3.141.59', revision: 'e82be7d358', time: '2018-11-14T08:17:03'\nSystem info: host: 'fv-az241-477', ip: '10.1.0.82', os.name: 'Linux', os.arch: 'amd64', os.version: '5.11.0-1027-azure', java.version: '1.8.0_322'\nDriver info: driver.version: AppiumDriver\nBuild info: version: '3.141.59', revision: 'e82be7d358', time: '2018-11-14T08:17:03'\nSystem info: host: 'fv-az241-477', ip: '10.1.0.82', os.name: 'Linux', os.arch: 'amd64', os.version: '5.11.0-1027-azure', java.version: '1.8.0_322'\nDriver info: driver.version: AppiumDriver","time":{"start":1642696166396,"stop":1642696166979,"duration":583}},{"uid":"bfced73df2c5d943","reportUrl":"https://tassioplima.github.io/automation-ci/99//#testresult/bfced73df2c5d943","status":"broken","statusDetails":"Unable to create a new remote session. Please check the server log for more details. Original error: [BROWSERSTACK_APP_DELETED] The app build specified in the 'app' capability in your test script has been recently deleted. We delete an uploaded app after 30 days from the day of upload. Please upload the app using REST API or BrowserStack CLI and try again. (WARNING: The server did not provide any stacktrace information)\nCommand duration or timeout: 722 milliseconds\nBuild info: version: '3.141.59', revision: 'e82be7d358', time: '2018-11-14T08:17:03'\nSystem info: host: 'fv-az210-357', ip: '10.1.0.43', os.name: 'Linux', os.arch: 'amd64', os.version: '5.11.0-1027-azure', java.version: '1.8.0_322'\nDriver info: driver.version: AppiumDriver\nBuild info: version: '3.141.59', revision: 'e82be7d358', time: '2018-11-14T08:17:03'\nSystem info: host: 'fv-az210-357', ip: '10.1.0.43', os.name: 'Linux', os.arch: 'amd64', os.version: '5.11.0-1027-azure', java.version: '1.8.0_322'\nDriver info: driver.version: AppiumDriver","time":{"start":1642696157927,"stop":1642696158671,"duration":744}},{"uid":"c0858fe09b3d53f","reportUrl":"https://tassioplima.github.io/automation-ci/98//#testresult/c0858fe09b3d53f","status":"passed","time":{"start":1637857202860,"stop":1637857234130,"duration":31270}},{"uid":"b195e204f8ea909c","reportUrl":"https://tassioplima.github.io/automation-ci/97//#testresult/b195e204f8ea909c","status":"passed","time":{"start":1637840753700,"stop":1637840779480,"duration":25780}},{"uid":"1ff5e8ca17d4e9ea","reportUrl":"https://tassioplima.github.io/automation-ci/96//#testresult/1ff5e8ca17d4e9ea","status":"passed","time":{"start":1637749473445,"stop":1637749499167,"duration":25722}},{"uid":"d4698a29bc5d540f","reportUrl":"https://tassioplima.github.io/automation-ci/95//#testresult/d4698a29bc5d540f","status":"broken","statusDetails":"Unable to create a new remote session. Please check the server log for more details. Original error: [BROWSERSTACK_APP_DELETED] The app build specified in the 'app' capability in your test script has been recently deleted. We delete an uploaded app after 30 days from the day of upload. Please upload the app using REST API or BrowserStack CLI and try again. (WARNING: The server did not provide any stacktrace information)\nCommand duration or timeout: 454 milliseconds\nBuild info: version: '3.141.59', revision: 'e82be7d358', time: '2018-11-14T08:17:03'\nSystem info: host: 'fv-az167-870', ip: '10.1.0.22', os.name: 'Linux', os.arch: 'amd64', os.version: '5.11.0-1021-azure', java.version: '1.8.0_312'\nDriver info: driver.version: AppiumDriver\nBuild info: version: '3.141.59', revision: 'e82be7d358', time: '2018-11-14T08:17:03'\nSystem info: host: 'fv-az167-870', ip: '10.1.0.22', os.name: 'Linux', os.arch: 'amd64', os.version: '5.11.0-1021-azure', java.version: '1.8.0_312'\nDriver info: driver.version: AppiumDriver","time":{"start":1637748509795,"stop":1637748510285,"duration":490}},{"uid":"571da309e38e102f","reportUrl":"https://tassioplima.github.io/automation-ci/94//#testresult/571da309e38e102f","status":"passed","time":{"start":1637160130335,"stop":1637160153663,"duration":23328}},{"uid":"11915d59b76fe1bd","reportUrl":"https://tassioplima.github.io/automation-ci/93//#testresult/11915d59b76fe1bd","status":"passed","time":{"start":1634830449442,"stop":1634830477062,"duration":27620}},{"uid":"f0606f624f215869","reportUrl":"https://tassioplima.github.io/automation-ci/92//#testresult/f0606f624f215869","status":"passed","time":{"start":1634828780010,"stop":1634828830159,"duration":50149}},{"uid":"132fa4b1ceb7b1b9","reportUrl":"https://tassioplima.github.io/automation-ci/91//#testresult/132fa4b1ceb7b1b9","status":"broken","statusDetails":"Unable to create a new remote session. Please check the server log for more details. Original error: [BROWSERSTACK_APP_DELETED] The app build specified in the 'app' capability in your test script has been recently deleted. We delete an uploaded app after 30 days from the day of upload. Please upload the app using REST API or BrowserStack CLI and try again. (WARNING: The server did not provide any stacktrace information)\nCommand duration or timeout: 872 milliseconds\nBuild info: version: '3.141.59', revision: 'e82be7d358', time: '2018-11-14T08:17:03'\nSystem info: host: 'fv-az167-190', ip: '10.1.0.103', os.name: 'Linux', os.arch: 'amd64', os.version: '5.8.0-1042-azure', java.version: '1.8.0_312'\nDriver info: driver.version: AppiumDriver\nBuild info: version: '3.141.59', revision: 'e82be7d358', time: '2018-11-14T08:17:03'\nSystem info: host: 'fv-az167-190', ip: '10.1.0.103', os.name: 'Linux', os.arch: 'amd64', os.version: '5.8.0-1042-azure', java.version: '1.8.0_312'\nDriver info: driver.version: AppiumDriver","time":{"start":1634827509121,"stop":1634827510010,"duration":889}},{"uid":"e5de66121a3d4982","reportUrl":"https://tassioplima.github.io/automation-ci/90//#testresult/e5de66121a3d4982","status":"passed","time":{"start":1633354125377,"stop":1633354149863,"duration":24486}},{"uid":"431224faf0b9e19","reportUrl":"https://tassioplima.github.io/automation-ci/88//#testresult/431224faf0b9e19","status":"passed","time":{"start":1633353902940,"stop":1633353928957,"duration":26017}}]},"tags":[]},"source":"138d078d93a6c52.json","parameterValues":[]}